<?xml version="1.0" encoding="UTF-8"?>
<!-- Generated by org.testng.reporters.JUnitReportReporter -->
<testsuite hostname="DESKTOP-L8VPHJS" failures="0" tests="1" name="testScripts.WebTableTest" time="6.507" errors="0" timestamp="2025-03-26T17:12:31 IST" skipped="0">
  <testcase classname="testScripts.WebTableTest" name="dynamicWebTable" time="6.507"/>
  <system-out/>
</testsuite> <!-- testScripts.WebTableTest -->
